2023-01-30 17:01:17,884 [Worker-4: Loading available Gradle versions] INFO  o.e.b.c.i.u.g.PublishedGradleVersions - Gradle version information cache is up-to-date. Trying to read.
2023-01-30 17:02:20,885 [Worker-0: Launching mavenrun-617bc4ed-74d1-4991-a817-63b43d2547d9] INFO  o.eclipse.m2e.core.internal.Bundles - getClasspathEntries(Bundle=org.eclipse.m2e.maven.runtime_3.8.604.20221130-2149 [267])
2023-01-30 17:02:20,888 [Worker-0: Launching mavenrun-617bc4ed-74d1-4991-a817-63b43d2547d9] INFO  o.eclipse.m2e.core.internal.Bundles - 	Entry: C:\Users\Tringapps-User2\.p2\pool\plugins\org.eclipse.m2e.maven.runtime_3.8.604.20221130-2149
2023-01-30 17:02:20,889 [Worker-0: Launching mavenrun-617bc4ed-74d1-4991-a817-63b43d2547d9] INFO  o.eclipse.m2e.core.internal.Bundles - 	Entry: C:\Users\Tringapps-User2\.p2\pool\plugins\org.eclipse.m2e.maven.runtime_3.8.604.20221130-2149\jars\aether-connector-okhttp-0.17.8.jar
2023-01-30 17:02:20,899 [Worker-0: Launching mavenrun-617bc4ed-74d1-4991-a817-63b43d2547d9] INFO  o.eclipse.m2e.core.internal.Bundles - 	Entry: C:\Users\Tringapps-User2\.p2\pool\plugins\org.eclipse.m2e.maven.runtime_3.8.604.20221130-2149\jars\commons-cli-1.4.jar
2023-01-30 17:02:20,899 [Worker-0: Launching mavenrun-617bc4ed-74d1-4991-a817-63b43d2547d9] INFO  o.eclipse.m2e.core.internal.Bundles - 	Entry: C:\Users\Tringapps-User2\.p2\pool\plugins\org.eclipse.m2e.maven.runtime_3.8.604.20221130-2149\jars\commons-io-2.6.jar
2023-01-30 17:02:20,899 [Worker-0: Launching mavenrun-617bc4ed-74d1-4991-a817-63b43d2547d9] INFO  o.eclipse.m2e.core.internal.Bundles - 	Entry: C:\Users\Tringapps-User2\.p2\pool\plugins\org.eclipse.m2e.maven.runtime_3.8.604.20221130-2149\jars\commons-lang3-3.8.1.jar
2023-01-30 17:02:20,900 [Worker-0: Launching mavenrun-617bc4ed-74d1-4991-a817-63b43d2547d9] INFO  o.eclipse.m2e.core.internal.Bundles - 	Entry: C:\Users\Tringapps-User2\.p2\pool\plugins\org.eclipse.m2e.maven.runtime_3.8.604.20221130-2149\jars\guice-4.2.2-no_aop.jar
2023-01-30 17:02:20,900 [Worker-0: Launching mavenrun-617bc4ed-74d1-4991-a817-63b43d2547d9] INFO  o.eclipse.m2e.core.internal.Bundles - 	Entry: C:\Users\Tringapps-User2\.p2\pool\plugins\org.eclipse.m2e.maven.runtime_3.8.604.20221130-2149\jars\jansi-2.4.0.jar
2023-01-30 17:02:20,900 [Worker-0: Launching mavenrun-617bc4ed-74d1-4991-a817-63b43d2547d9] INFO  o.eclipse.m2e.core.internal.Bundles - 	Entry: C:\Users\Tringapps-User2\.p2\pool\plugins\org.eclipse.m2e.maven.runtime_3.8.604.20221130-2149\jars\maven-artifact-3.8.6.jar
2023-01-30 17:02:20,900 [Worker-0: Launching mavenrun-617bc4ed-74d1-4991-a817-63b43d2547d9] INFO  o.eclipse.m2e.core.internal.Bundles - 	Entry: C:\Users\Tringapps-User2\.p2\pool\plugins\org.eclipse.m2e.maven.runtime_3.8.604.20221130-2149\jars\maven-builder-support-3.8.6.jar
2023-01-30 17:02:20,900 [Worker-0: Launching mavenrun-617bc4ed-74d1-4991-a817-63b43d2547d9] INFO  o.eclipse.m2e.core.internal.Bundles - 	Entry: C:\Users\Tringapps-User2\.p2\pool\plugins\org.eclipse.m2e.maven.runtime_3.8.604.20221130-2149\jars\maven-compat-3.8.6.jar
2023-01-30 17:02:20,900 [Worker-0: Launching mavenrun-617bc4ed-74d1-4991-a817-63b43d2547d9] INFO  o.eclipse.m2e.core.internal.Bundles - 	Entry: C:\Users\Tringapps-User2\.p2\pool\plugins\org.eclipse.m2e.maven.runtime_3.8.604.20221130-2149\jars\maven-core-3.8.6.jar
2023-01-30 17:02:20,901 [Worker-0: Launching mavenrun-617bc4ed-74d1-4991-a817-63b43d2547d9] INFO  o.eclipse.m2e.core.internal.Bundles - 	Entry: C:\Users\Tringapps-User2\.p2\pool\plugins\org.eclipse.m2e.maven.runtime_3.8.604.20221130-2149\jars\maven-embedder-3.8.6.jar
2023-01-30 17:02:20,901 [Worker-0: Launching mavenrun-617bc4ed-74d1-4991-a817-63b43d2547d9] INFO  o.eclipse.m2e.core.internal.Bundles - 	Entry: C:\Users\Tringapps-User2\.p2\pool\plugins\org.eclipse.m2e.maven.runtime_3.8.604.20221130-2149\jars\maven-model-3.8.6.jar
2023-01-30 17:02:20,901 [Worker-0: Launching mavenrun-617bc4ed-74d1-4991-a817-63b43d2547d9] INFO  o.eclipse.m2e.core.internal.Bundles - 	Entry: C:\Users\Tringapps-User2\.p2\pool\plugins\org.eclipse.m2e.maven.runtime_3.8.604.20221130-2149\jars\maven-model-builder-3.8.6.jar
2023-01-30 17:02:20,901 [Worker-0: Launching mavenrun-617bc4ed-74d1-4991-a817-63b43d2547d9] INFO  o.eclipse.m2e.core.internal.Bundles - 	Entry: C:\Users\Tringapps-User2\.p2\pool\plugins\org.eclipse.m2e.maven.runtime_3.8.604.20221130-2149\jars\maven-plugin-api-3.8.6.jar
2023-01-30 17:02:20,901 [Worker-0: Launching mavenrun-617bc4ed-74d1-4991-a817-63b43d2547d9] INFO  o.eclipse.m2e.core.internal.Bundles - 	Entry: C:\Users\Tringapps-User2\.p2\pool\plugins\org.eclipse.m2e.maven.runtime_3.8.604.20221130-2149\jars\maven-repository-metadata-3.8.6.jar
2023-01-30 17:02:20,901 [Worker-0: Launching mavenrun-617bc4ed-74d1-4991-a817-63b43d2547d9] INFO  o.eclipse.m2e.core.internal.Bundles - 	Entry: C:\Users\Tringapps-User2\.p2\pool\plugins\org.eclipse.m2e.maven.runtime_3.8.604.20221130-2149\jars\maven-resolver-api-1.6.3.jar
2023-01-30 17:02:20,902 [Worker-0: Launching mavenrun-617bc4ed-74d1-4991-a817-63b43d2547d9] INFO  o.eclipse.m2e.core.internal.Bundles - 	Entry: C:\Users\Tringapps-User2\.p2\pool\plugins\org.eclipse.m2e.maven.runtime_3.8.604.20221130-2149\jars\maven-resolver-connector-basic-1.6.3.jar
2023-01-30 17:02:20,902 [Worker-0: Launching mavenrun-617bc4ed-74d1-4991-a817-63b43d2547d9] INFO  o.eclipse.m2e.core.internal.Bundles - 	Entry: C:\Users\Tringapps-User2\.p2\pool\plugins\org.eclipse.m2e.maven.runtime_3.8.604.20221130-2149\jars\maven-resolver-impl-1.6.3.jar
2023-01-30 17:02:20,902 [Worker-0: Launching mavenrun-617bc4ed-74d1-4991-a817-63b43d2547d9] INFO  o.eclipse.m2e.core.internal.Bundles - 	Entry: C:\Users\Tringapps-User2\.p2\pool\plugins\org.eclipse.m2e.maven.runtime_3.8.604.20221130-2149\jars\maven-resolver-provider-3.8.6.jar
2023-01-30 17:02:20,902 [Worker-0: Launching mavenrun-617bc4ed-74d1-4991-a817-63b43d2547d9] INFO  o.eclipse.m2e.core.internal.Bundles - 	Entry: C:\Users\Tringapps-User2\.p2\pool\plugins\org.eclipse.m2e.maven.runtime_3.8.604.20221130-2149\jars\maven-resolver-spi-1.6.3.jar
2023-01-30 17:02:20,902 [Worker-0: Launching mavenrun-617bc4ed-74d1-4991-a817-63b43d2547d9] INFO  o.eclipse.m2e.core.internal.Bundles - 	Entry: C:\Users\Tringapps-User2\.p2\pool\plugins\org.eclipse.m2e.maven.runtime_3.8.604.20221130-2149\jars\maven-resolver-transport-wagon-1.6.3.jar
2023-01-30 17:02:20,902 [Worker-0: Launching mavenrun-617bc4ed-74d1-4991-a817-63b43d2547d9] INFO  o.eclipse.m2e.core.internal.Bundles - 	Entry: C:\Users\Tringapps-User2\.p2\pool\plugins\org.eclipse.m2e.maven.runtime_3.8.604.20221130-2149\jars\maven-resolver-util-1.6.3.jar
2023-01-30 17:02:20,903 [Worker-0: Launching mavenrun-617bc4ed-74d1-4991-a817-63b43d2547d9] INFO  o.eclipse.m2e.core.internal.Bundles - 	Entry: C:\Users\Tringapps-User2\.p2\pool\plugins\org.eclipse.m2e.maven.runtime_3.8.604.20221130-2149\jars\maven-settings-3.8.6.jar
2023-01-30 17:02:20,903 [Worker-0: Launching mavenrun-617bc4ed-74d1-4991-a817-63b43d2547d9] INFO  o.eclipse.m2e.core.internal.Bundles - 	Entry: C:\Users\Tringapps-User2\.p2\pool\plugins\org.eclipse.m2e.maven.runtime_3.8.604.20221130-2149\jars\maven-settings-builder-3.8.6.jar
2023-01-30 17:02:20,903 [Worker-0: Launching mavenrun-617bc4ed-74d1-4991-a817-63b43d2547d9] INFO  o.eclipse.m2e.core.internal.Bundles - 	Entry: C:\Users\Tringapps-User2\.p2\pool\plugins\org.eclipse.m2e.maven.runtime_3.8.604.20221130-2149\jars\maven-shared-utils-3.3.4.jar
2023-01-30 17:02:20,903 [Worker-0: Launching mavenrun-617bc4ed-74d1-4991-a817-63b43d2547d9] INFO  o.eclipse.m2e.core.internal.Bundles - 	Entry: C:\Users\Tringapps-User2\.p2\pool\plugins\org.eclipse.m2e.maven.runtime_3.8.604.20221130-2149\jars\okhttp-3.14.1.jar
2023-01-30 17:02:20,903 [Worker-0: Launching mavenrun-617bc4ed-74d1-4991-a817-63b43d2547d9] INFO  o.eclipse.m2e.core.internal.Bundles - 	Entry: C:\Users\Tringapps-User2\.p2\pool\plugins\org.eclipse.m2e.maven.runtime_3.8.604.20221130-2149\jars\okio-1.17.3.jar
2023-01-30 17:02:20,903 [Worker-0: Launching mavenrun-617bc4ed-74d1-4991-a817-63b43d2547d9] INFO  o.eclipse.m2e.core.internal.Bundles - 	Entry: C:\Users\Tringapps-User2\.p2\pool\plugins\org.eclipse.m2e.maven.runtime_3.8.604.20221130-2149\jars\org.eclipse.sisu.inject-0.3.5.jar
2023-01-30 17:02:20,904 [Worker-0: Launching mavenrun-617bc4ed-74d1-4991-a817-63b43d2547d9] INFO  o.eclipse.m2e.core.internal.Bundles - 	Entry: C:\Users\Tringapps-User2\.p2\pool\plugins\org.eclipse.m2e.maven.runtime_3.8.604.20221130-2149\jars\org.eclipse.sisu.plexus-0.3.5.jar
2023-01-30 17:02:20,904 [Worker-0: Launching mavenrun-617bc4ed-74d1-4991-a817-63b43d2547d9] INFO  o.eclipse.m2e.core.internal.Bundles - 	Entry: C:\Users\Tringapps-User2\.p2\pool\plugins\org.eclipse.m2e.maven.runtime_3.8.604.20221130-2149\jars\plexus-build-api-0.0.7.jar
2023-01-30 17:02:20,904 [Worker-0: Launching mavenrun-617bc4ed-74d1-4991-a817-63b43d2547d9] INFO  o.eclipse.m2e.core.internal.Bundles - 	Entry: C:\Users\Tringapps-User2\.p2\pool\plugins\org.eclipse.m2e.maven.runtime_3.8.604.20221130-2149\jars\plexus-cipher-2.0.jar
2023-01-30 17:02:20,904 [Worker-0: Launching mavenrun-617bc4ed-74d1-4991-a817-63b43d2547d9] INFO  o.eclipse.m2e.core.internal.Bundles - 	Entry: C:\Users\Tringapps-User2\.p2\pool\plugins\org.eclipse.m2e.maven.runtime_3.8.604.20221130-2149\jars\plexus-classworlds-2.6.0.jar
2023-01-30 17:02:20,904 [Worker-0: Launching mavenrun-617bc4ed-74d1-4991-a817-63b43d2547d9] INFO  o.eclipse.m2e.core.internal.Bundles - 	Entry: C:\Users\Tringapps-User2\.p2\pool\plugins\org.eclipse.m2e.maven.runtime_3.8.604.20221130-2149\jars\plexus-component-annotations-2.1.0.jar
2023-01-30 17:02:20,905 [Worker-0: Launching mavenrun-617bc4ed-74d1-4991-a817-63b43d2547d9] INFO  o.eclipse.m2e.core.internal.Bundles - 	Entry: C:\Users\Tringapps-User2\.p2\pool\plugins\org.eclipse.m2e.maven.runtime_3.8.604.20221130-2149\jars\plexus-interpolation-1.26.jar
2023-01-30 17:02:20,905 [Worker-0: Launching mavenrun-617bc4ed-74d1-4991-a817-63b43d2547d9] INFO  o.eclipse.m2e.core.internal.Bundles - 	Entry: C:\Users\Tringapps-User2\.p2\pool\plugins\org.eclipse.m2e.maven.runtime_3.8.604.20221130-2149\jars\plexus-sec-dispatcher-2.0.jar
2023-01-30 17:02:20,905 [Worker-0: Launching mavenrun-617bc4ed-74d1-4991-a817-63b43d2547d9] INFO  o.eclipse.m2e.core.internal.Bundles - 	Entry: C:\Users\Tringapps-User2\.p2\pool\plugins\org.eclipse.m2e.maven.runtime_3.8.604.20221130-2149\jars\plexus-utils-3.3.1.jar
2023-01-30 17:02:20,905 [Worker-0: Launching mavenrun-617bc4ed-74d1-4991-a817-63b43d2547d9] INFO  o.eclipse.m2e.core.internal.Bundles - 	Entry: C:\Users\Tringapps-User2\.p2\pool\plugins\org.eclipse.m2e.maven.runtime_3.8.604.20221130-2149\jars\wagon-file-3.5.1.jar
2023-01-30 17:02:20,905 [Worker-0: Launching mavenrun-617bc4ed-74d1-4991-a817-63b43d2547d9] INFO  o.eclipse.m2e.core.internal.Bundles - 	Entry: C:\Users\Tringapps-User2\.p2\pool\plugins\org.eclipse.m2e.maven.runtime_3.8.604.20221130-2149\jars\wagon-provider-api-3.5.1.jar
2023-01-30 17:02:20,909 [Worker-0: Launching mavenrun-617bc4ed-74d1-4991-a817-63b43d2547d9] INFO  o.eclipse.m2e.core.internal.Bundles - getClasspathEntries(Bundle=com.google.guava_30.1.0.v20221112-0806 [8])
2023-01-30 17:02:20,910 [Worker-0: Launching mavenrun-617bc4ed-74d1-4991-a817-63b43d2547d9] INFO  o.eclipse.m2e.core.internal.Bundles - 	Entry: C:\Users\Tringapps-User2\.p2\pool\plugins\com.google.guava_30.1.0.v20221112-0806.jar
2023-01-30 17:02:20,910 [Worker-0: Launching mavenrun-617bc4ed-74d1-4991-a817-63b43d2547d9] INFO  o.eclipse.m2e.core.internal.Bundles - getClasspathEntries(Bundle=slf4j.api_1.7.36 [431])
2023-01-30 17:02:20,911 [Worker-0: Launching mavenrun-617bc4ed-74d1-4991-a817-63b43d2547d9] INFO  o.eclipse.m2e.core.internal.Bundles - 	Entry: C:\Users\Tringapps-User2\.p2\pool\plugins\slf4j.api_1.7.36.jar
2023-01-30 17:02:20,911 [Worker-0: Launching mavenrun-617bc4ed-74d1-4991-a817-63b43d2547d9] INFO  o.eclipse.m2e.core.internal.Bundles - getClasspathEntries(Bundle=javax.inject_1.0.0.v20220405-0441 [18])
2023-01-30 17:02:20,913 [Worker-0: Launching mavenrun-617bc4ed-74d1-4991-a817-63b43d2547d9] INFO  o.eclipse.m2e.core.internal.Bundles - 	Entry: C:\Users\Tringapps-User2\.p2\pool\plugins\javax.inject_1.0.0.v20220405-0441.jar
2023-01-30 17:02:20,913 [Worker-0: Launching mavenrun-617bc4ed-74d1-4991-a817-63b43d2547d9] INFO  o.eclipse.m2e.core.internal.Bundles - getClasspathEntries(Bundle=javax.annotation_1.3.5.v20221112-0806 [16])
2023-01-30 17:02:20,914 [Worker-0: Launching mavenrun-617bc4ed-74d1-4991-a817-63b43d2547d9] INFO  o.eclipse.m2e.core.internal.Bundles - 	Entry: C:\Users\Tringapps-User2\.p2\pool\plugins\javax.annotation_1.3.5.v20221112-0806.jar
2023-01-30 17:02:20,924 [Worker-0: Launching mavenrun-617bc4ed-74d1-4991-a817-63b43d2547d9] INFO  o.e.m.i.launch.MavenLaunchDelegate - Run build in "C:\Users\TRINGA~2\AppData\Local\Temp\m2e-archetypeGenerator6926475299450615905":
2023-01-30 17:02:20,926 [Worker-0: Launching mavenrun-617bc4ed-74d1-4991-a817-63b43d2547d9] INFO  o.e.m.i.launch.MavenLaunchDelegate -  mvn  -DarchetypeGroupId=org.apache.maven.archetypes -DarchetypeArtifactId=maven-archetype-quickstart -DarchetypeVersion=1.4 -DgroupId=org -DartifactId=bank -Dversion=0.0.1-SNAPSHOT -Dpackage=org.bank -DoutputDirectory=C:\Users\Tringapps-User2\assignments\Bank -Dstyle.color=always -U archetype:generate
2023-01-30 17:02:38,908 [Worker-13: Creating maven-archetype-quickstart] INFO  o.e.m.c.i.p.ProjectConfigurationManager - Collecting project info '/pom.xml' C:\Users\Tringapps-User2\assignments\Bank\bank\pom.xml
2023-01-30 17:02:39,537 [Worker-13: Creating maven-archetype-quickstart] INFO  o.e.m.c.i.l.LifecycleMappingFactory - Using org.eclipse.m2e.jdt.JarLifecycleMapping lifecycle mapping for MavenProject: org:bank:0.0.1-SNAPSHOT @ C:\Users\Tringapps-User2\assignments\Bank\bank\pom.xml.
2023-01-30 17:02:39,988 [Worker-13: Creating maven-archetype-quickstart] INFO  o.e.m.j.i.AbstractJavaProjectConfigurator - Adding source folder /bank/src/main/java
2023-01-30 17:02:39,999 [Worker-13: Creating maven-archetype-quickstart] INFO  o.e.m.j.i.AbstractJavaProjectConfigurator - Adding source folder /bank/src/test/java
2023-01-30 17:02:40,106 [Worker-13: Creating maven-archetype-quickstart] INFO  o.e.m.c.i.p.ProjectConfigurationManager - Imported and configured 1 project(s) in 1 sec
2023-01-30 17:02:40,892 [Worker-5: Building] INFO  o.e.m.c.i.embedder.EclipseLogger - Using 'UTF-8' encoding to copy filtered resources.
2023-01-30 17:02:40,893 [Worker-5: Building] INFO  o.e.m.c.i.embedder.EclipseLogger - skip non existing resourceDirectory C:\Users\Tringapps-User2\assignments\Bank\bank\src\main\resources
2023-01-30 17:02:40,896 [Worker-5: Building] INFO  o.e.m.c.i.embedder.EclipseLogger - Using 'UTF-8' encoding to copy filtered resources.
2023-01-30 17:02:40,896 [Worker-5: Building] INFO  o.e.m.c.i.embedder.EclipseLogger - skip non existing resourceDirectory C:\Users\Tringapps-User2\assignments\Bank\bank\src\test\resources
2023-01-30 17:02:52,035 [Worker-12: Building] INFO  o.e.m.c.i.embedder.EclipseLogger - Using 'UTF-8' encoding to copy filtered resources.
2023-01-30 17:02:52,035 [Worker-12: Building] INFO  o.e.m.c.i.embedder.EclipseLogger - skip non existing resourceDirectory C:\Users\Tringapps-User2\assignments\Bank\bank\src\main\resources
2023-01-30 17:02:52,037 [Worker-12: Building] INFO  o.e.m.c.i.embedder.EclipseLogger - Using 'UTF-8' encoding to copy filtered resources.
2023-01-30 17:02:52,040 [Worker-12: Building] INFO  o.e.m.c.i.embedder.EclipseLogger - skip non existing resourceDirectory C:\Users\Tringapps-User2\assignments\Bank\bank\src\test\resources
2023-01-30 17:03:37,913 [Worker-21: Building] INFO  o.e.m.c.i.embedder.EclipseLogger - Using 'UTF-8' encoding to copy filtered resources.
2023-01-30 17:03:37,913 [Worker-21: Building] INFO  o.e.m.c.i.embedder.EclipseLogger - skip non existing resourceDirectory C:\Users\Tringapps-User2\assignments\Bank\bank\src\main\resources
2023-01-30 17:03:37,916 [Worker-21: Building] INFO  o.e.m.c.i.embedder.EclipseLogger - Using 'UTF-8' encoding to copy filtered resources.
2023-01-30 17:03:37,916 [Worker-21: Building] INFO  o.e.m.c.i.embedder.EclipseLogger - skip non existing resourceDirectory C:\Users\Tringapps-User2\assignments\Bank\bank\src\test\resources
2023-01-30 17:04:06,279 [Worker-29: Building] INFO  o.e.m.c.i.l.LifecycleMappingFactory - Using org.eclipse.m2e.jdt.JarLifecycleMapping lifecycle mapping for MavenProject: org:bank:0.0.1-SNAPSHOT @ C:\Users\Tringapps-User2\assignments\Bank\bank\pom.xml.
2023-01-30 17:04:06,409 [Worker-29: Building] INFO  o.e.m.c.i.embedder.EclipseLogger - Using 'UTF-8' encoding to copy filtered resources.
2023-01-30 17:04:06,410 [Worker-29: Building] INFO  o.e.m.c.i.embedder.EclipseLogger - skip non existing resourceDirectory C:\Users\Tringapps-User2\assignments\Bank\bank\src\main\resources
2023-01-30 17:04:06,412 [Worker-29: Building] INFO  o.e.m.c.i.embedder.EclipseLogger - Using 'UTF-8' encoding to copy filtered resources.
2023-01-30 17:04:06,413 [Worker-29: Building] INFO  o.e.m.c.i.embedder.EclipseLogger - skip non existing resourceDirectory C:\Users\Tringapps-User2\assignments\Bank\bank\src\test\resources
2023-01-30 17:07:06,868 [Worker-33: Building] INFO  o.e.m.c.i.embedder.EclipseLogger - Using 'UTF-8' encoding to copy filtered resources.
2023-01-30 17:07:06,869 [Worker-33: Building] INFO  o.e.m.c.i.embedder.EclipseLogger - skip non existing resourceDirectory C:\Users\Tringapps-User2\assignments\Bank\bank\src\main\resources
2023-01-30 17:07:06,870 [Worker-33: Building] INFO  o.e.m.c.i.embedder.EclipseLogger - Using 'UTF-8' encoding to copy filtered resources.
2023-01-30 17:07:06,870 [Worker-33: Building] INFO  o.e.m.c.i.embedder.EclipseLogger - skip non existing resourceDirectory C:\Users\Tringapps-User2\assignments\Bank\bank\src\test\resources
2023-01-30 17:10:18,928 [Worker-32: Building] INFO  o.e.m.c.i.embedder.EclipseLogger - Using 'UTF-8' encoding to copy filtered resources.
2023-01-30 17:10:18,928 [Worker-32: Building] INFO  o.e.m.c.i.embedder.EclipseLogger - skip non existing resourceDirectory C:\Users\Tringapps-User2\assignments\Bank\bank\src\main\resources
2023-01-30 17:10:18,929 [Worker-32: Building] INFO  o.e.m.c.i.embedder.EclipseLogger - Using 'UTF-8' encoding to copy filtered resources.
2023-01-30 17:10:18,929 [Worker-32: Building] INFO  o.e.m.c.i.embedder.EclipseLogger - skip non existing resourceDirectory C:\Users\Tringapps-User2\assignments\Bank\bank\src\test\resources
2023-01-30 17:10:52,493 [Worker-35: Building] INFO  o.e.m.c.i.embedder.EclipseLogger - Using 'UTF-8' encoding to copy filtered resources.
2023-01-30 17:10:52,493 [Worker-35: Building] INFO  o.e.m.c.i.embedder.EclipseLogger - skip non existing resourceDirectory C:\Users\Tringapps-User2\assignments\Bank\bank\src\main\resources
2023-01-30 17:10:52,494 [Worker-35: Building] INFO  o.e.m.c.i.embedder.EclipseLogger - Using 'UTF-8' encoding to copy filtered resources.
2023-01-30 17:10:52,494 [Worker-35: Building] INFO  o.e.m.c.i.embedder.EclipseLogger - skip non existing resourceDirectory C:\Users\Tringapps-User2\assignments\Bank\bank\src\test\resources
2023-01-30 17:20:06,032 [Worker-36: Building] INFO  o.e.m.c.i.embedder.EclipseLogger - Using 'UTF-8' encoding to copy filtered resources.
2023-01-30 17:20:06,032 [Worker-36: Building] INFO  o.e.m.c.i.embedder.EclipseLogger - skip non existing resourceDirectory C:\Users\Tringapps-User2\assignments\Bank\bank\src\main\resources
2023-01-30 17:20:06,033 [Worker-36: Building] INFO  o.e.m.c.i.embedder.EclipseLogger - Using 'UTF-8' encoding to copy filtered resources.
2023-01-30 17:20:06,033 [Worker-36: Building] INFO  o.e.m.c.i.embedder.EclipseLogger - skip non existing resourceDirectory C:\Users\Tringapps-User2\assignments\Bank\bank\src\test\resources
2023-01-30 17:20:16,837 [Worker-37: Building] INFO  o.e.m.c.i.embedder.EclipseLogger - Using 'UTF-8' encoding to copy filtered resources.
2023-01-30 17:20:16,838 [Worker-37: Building] INFO  o.e.m.c.i.embedder.EclipseLogger - skip non existing resourceDirectory C:\Users\Tringapps-User2\assignments\Bank\bank\src\main\resources
2023-01-30 17:20:16,840 [Worker-37: Building] INFO  o.e.m.c.i.embedder.EclipseLogger - Using 'UTF-8' encoding to copy filtered resources.
2023-01-30 17:20:16,840 [Worker-37: Building] INFO  o.e.m.c.i.embedder.EclipseLogger - skip non existing resourceDirectory C:\Users\Tringapps-User2\assignments\Bank\bank\src\test\resources
2023-01-30 17:20:37,259 [Worker-35: Building] INFO  o.e.m.c.i.embedder.EclipseLogger - Using 'UTF-8' encoding to copy filtered resources.
2023-01-30 17:20:37,259 [Worker-35: Building] INFO  o.e.m.c.i.embedder.EclipseLogger - skip non existing resourceDirectory C:\Users\Tringapps-User2\assignments\Bank\bank\src\main\resources
2023-01-30 17:20:37,260 [Worker-35: Building] INFO  o.e.m.c.i.embedder.EclipseLogger - Using 'UTF-8' encoding to copy filtered resources.
2023-01-30 17:20:37,260 [Worker-35: Building] INFO  o.e.m.c.i.embedder.EclipseLogger - skip non existing resourceDirectory C:\Users\Tringapps-User2\assignments\Bank\bank\src\test\resources
2023-01-30 17:21:24,180 [Worker-35: Building] INFO  o.e.m.c.i.embedder.EclipseLogger - Using 'UTF-8' encoding to copy filtered resources.
2023-01-30 17:21:24,180 [Worker-35: Building] INFO  o.e.m.c.i.embedder.EclipseLogger - skip non existing resourceDirectory C:\Users\Tringapps-User2\assignments\Bank\bank\src\main\resources
2023-01-30 17:21:24,181 [Worker-35: Building] INFO  o.e.m.c.i.embedder.EclipseLogger - Using 'UTF-8' encoding to copy filtered resources.
2023-01-30 17:21:24,182 [Worker-35: Building] INFO  o.e.m.c.i.embedder.EclipseLogger - skip non existing resourceDirectory C:\Users\Tringapps-User2\assignments\Bank\bank\src\test\resources
2023-01-30 17:22:52,593 [Worker-37: Building] INFO  o.e.m.c.i.embedder.EclipseLogger - Using 'UTF-8' encoding to copy filtered resources.
2023-01-30 17:22:52,593 [Worker-37: Building] INFO  o.e.m.c.i.embedder.EclipseLogger - skip non existing resourceDirectory C:\Users\Tringapps-User2\assignments\Bank\bank\src\main\resources
